Run at Tue Jul 15 22:40:42 UTC 2025
Run at Tue Jul 15 22:53:56 UTC 2025
Run at Tue Jul 15 23:09:24 UTC 2025
Run at Tue Jul 15 23:28:37 UTC 2025
Run at Tue Jul 15 23:40:39 UTC 2025
Run at Tue Jul 15 23:53:09 UTC 2025
Run at Wed Jul 16 00:52:50 UTC 2025
Run at Wed Jul 16 02:49:48 UTC 2025
Run at Wed Jul 16 03:50:45 UTC 2025
Run at Wed Jul 16 04:29:29 UTC 2025
Run at Wed Jul 16 04:58:05 UTC 2025
Run at Wed Jul 16 05:22:41 UTC 2025
Run at Wed Jul 16 05:46:51 UTC 2025
Run at Wed Jul 16 05:56:34 UTC 2025
Run at Wed Jul 16 06:20:27 UTC 2025
Run at Wed Jul 16 06:51:25 UTC 2025
Run at Wed Jul 16 07:13:28 UTC 2025
Run at Wed Jul 16 07:34:07 UTC 2025
Run at Wed Jul 16 07:46:41 UTC 2025
Run at Wed Jul 16 07:53:38 UTC 2025
Run at Wed Jul 16 08:14:47 UTC 2025
Run at Wed Jul 16 08:44:31 UTC 2025
Run at Wed Jul 16 09:00:30 UTC 2025
Run at Wed Jul 16 09:35:27 UTC 2025
Run at Wed Jul 16 09:50:48 UTC 2025
Run at Wed Jul 16 10:11:29 UTC 2025
Run at Wed Jul 16 10:42:14 UTC 2025
Run at Wed Jul 16 10:55:58 UTC 2025
Run at Wed Jul 16 11:11:01 UTC 2025
Run at Wed Jul 16 11:30:53 UTC 2025
Run at Wed Jul 16 11:45:00 UTC 2025
Run at Wed Jul 16 11:51:22 UTC 2025
Run at Wed Jul 16 12:20:06 UTC 2025
Run at Wed Jul 16 13:06:31 UTC 2025
Run at Wed Jul 16 13:46:58 UTC 2025
Run at Wed Jul 16 13:59:31 UTC 2025
Run at Wed Jul 16 14:19:15 UTC 2025
Run at Wed Jul 16 14:41:21 UTC 2025
Run at Wed Jul 16 14:55:40 UTC 2025
Run at Wed Jul 16 15:12:36 UTC 2025
Run at Wed Jul 16 15:36:59 UTC 2025
Run at Wed Jul 16 15:49:37 UTC 2025
Run at Wed Jul 16 15:58:07 UTC 2025
Run at Wed Jul 16 16:22:11 UTC 2025
Run at Wed Jul 16 16:48:56 UTC 2025
Run at Wed Jul 16 17:01:52 UTC 2025
Run at Wed Jul 16 17:31:08 UTC 2025
Run at Wed Jul 16 17:49:49 UTC 2025
Run at Wed Jul 16 17:56:31 UTC 2025
Run at Wed Jul 16 18:18:55 UTC 2025
Run at Wed Jul 16 18:48:08 UTC 2025
Run at Wed Jul 16 19:00:41 UTC 2025
Run at Wed Jul 16 19:25:09 UTC 2025
Run at Wed Jul 16 19:35:13 UTC 2025
Run at Wed Jul 16 19:43:39 UTC 2025
Run at Wed Jul 16 19:51:18 UTC 2025
Run at Wed Jul 16 20:11:32 UTC 2025
Run at Wed Jul 16 20:36:27 UTC 2025
Run at Wed Jul 16 20:49:40 UTC 2025
Run at Wed Jul 16 20:57:09 UTC 2025
Run at Wed Jul 16 21:14:38 UTC 2025
Run at Wed Jul 16 21:32:32 UTC 2025
Run at Wed Jul 16 21:46:15 UTC 2025
Run at Wed Jul 16 21:54:12 UTC 2025
Run at Wed Jul 16 22:10:17 UTC 2025
Run at Wed Jul 16 22:38:20 UTC 2025
Run at Wed Jul 16 22:51:53 UTC 2025
Run at Wed Jul 16 23:10:20 UTC 2025
Run at Wed Jul 16 23:31:37 UTC 2025
Run at Wed Jul 16 23:43:17 UTC 2025
Run at Wed Jul 16 23:51:15 UTC 2025
Run at Wed Jul 16 23:57:14 UTC 2025
Run at Thu Jul 17 01:13:18 UTC 2025
Run at Thu Jul 17 03:04:23 UTC 2025
Run at Thu Jul 17 04:01:27 UTC 2025
Run at Thu Jul 17 04:40:39 UTC 2025
Run at Thu Jul 17 05:01:43 UTC 2025
Run at Thu Jul 17 05:29:18 UTC 2025
Run at Thu Jul 17 05:50:35 UTC 2025
Run at Thu Jul 17 05:56:38 UTC 2025
Run at Thu Jul 17 06:19:54 UTC 2025
Run at Thu Jul 17 06:49:51 UTC 2025
Run at Thu Jul 17 07:01:52 UTC 2025
Run at Thu Jul 17 07:26:55 UTC 2025
Run at Thu Jul 17 07:40:51 UTC 2025
Run at Thu Jul 17 07:49:48 UTC 2025
Run at Thu Jul 17 07:55:42 UTC 2025
Run at Thu Jul 17 08:15:39 UTC 2025
Run at Thu Jul 17 08:44:26 UTC 2025
Run at Thu Jul 17 08:59:07 UTC 2025
Run at Thu Jul 17 09:23:21 UTC 2025
Run at Thu Jul 17 09:42:11 UTC 2025
Run at Thu Jul 17 09:53:08 UTC 2025
Run at Thu Jul 17 09:58:51 UTC 2025
Run at Thu Jul 17 10:20:44 UTC 2025
Run at Thu Jul 17 10:43:59 UTC 2025
Run at Thu Jul 17 10:54:59 UTC 2025
Run at Thu Jul 17 11:09:04 UTC 2025
Run at Thu Jul 17 11:28:06 UTC 2025
Run at Thu Jul 17 11:39:17 UTC 2025
Run at Thu Jul 17 11:47:28 UTC 2025
Run at Thu Jul 17 11:53:36 UTC 2025
Run at Thu Jul 17 11:59:11 UTC 2025
Run at Thu Jul 17 12:40:00 UTC 2025
Run at Thu Jul 17 13:22:43 UTC 2025
Run at Thu Jul 17 13:50:52 UTC 2025
Run at Thu Jul 17 13:59:54 UTC 2025
Run at Thu Jul 17 14:18:46 UTC 2025
Run at Thu Jul 17 14:41:32 UTC 2025
Run at Thu Jul 17 14:53:29 UTC 2025
Run at Thu Jul 17 14:59:22 UTC 2025
Run at Thu Jul 17 15:21:49 UTC 2025
Run at Thu Jul 17 15:40:57 UTC 2025
Run at Thu Jul 17 15:52:35 UTC 2025
Run at Thu Jul 17 15:58:25 UTC 2025
Run at Thu Jul 17 16:22:15 UTC 2025
Run at Thu Jul 17 16:47:29 UTC 2025
Run at Thu Jul 17 16:59:45 UTC 2025
Run at Thu Jul 17 17:19:09 UTC 2025
Run at Thu Jul 17 17:39:12 UTC 2025
Run at Thu Jul 17 17:49:47 UTC 2025
Run at Thu Jul 17 17:55:49 UTC 2025
Run at Thu Jul 17 18:16:07 UTC 2025
Run at Thu Jul 17 18:47:23 UTC 2025
Run at Thu Jul 17 19:00:38 UTC 2025
Run at Thu Jul 17 19:19:14 UTC 2025
Run at Thu Jul 17 19:31:26 UTC 2025
Run at Thu Jul 17 19:41:34 UTC 2025
Run at Thu Jul 17 19:48:15 UTC 2025
Run at Thu Jul 17 19:54:07 UTC 2025
Run at Thu Jul 17 20:00:03 UTC 2025
Run at Thu Jul 17 20:23:59 UTC 2025
Run at Thu Jul 17 20:40:56 UTC 2025
Run at Thu Jul 17 20:52:28 UTC 2025
Run at Thu Jul 17 20:58:28 UTC 2025
Run at Thu Jul 17 21:16:28 UTC 2025
Run at Thu Jul 17 21:32:43 UTC 2025
Run at Thu Jul 17 21:44:19 UTC 2025
Run at Thu Jul 17 21:50:57 UTC 2025
Run at Thu Jul 17 21:56:53 UTC 2025
Run at Thu Jul 17 22:13:23 UTC 2025
Run at Thu Jul 17 22:35:50 UTC 2025
Run at Thu Jul 17 22:49:21 UTC 2025
Run at Thu Jul 17 22:55:52 UTC 2025
Run at Thu Jul 17 23:11:59 UTC 2025
Run at Thu Jul 17 23:31:06 UTC 2025
Run at Thu Jul 17 23:43:11 UTC 2025
Run at Thu Jul 17 23:50:54 UTC 2025
Run at Thu Jul 17 23:56:44 UTC 2025
Run at Fri Jul 18 01:06:07 UTC 2025
Run at Fri Jul 18 03:03:44 UTC 2025
Run at Fri Jul 18 04:03:32 UTC 2025
Run at Fri Jul 18 04:47:10 UTC 2025
Run at Fri Jul 18 05:14:08 UTC 2025
Run at Fri Jul 18 05:43:23 UTC 2025
Run at Fri Jul 18 05:54:51 UTC 2025
Run at Fri Jul 18 06:13:59 UTC 2025
Run at Fri Jul 18 06:49:24 UTC 2025
Run at Fri Jul 18 07:02:38 UTC 2025
Run at Fri Jul 18 07:28:54 UTC 2025
Run at Fri Jul 18 07:43:30 UTC 2025
Run at Fri Jul 18 07:53:04 UTC 2025
Run at Fri Jul 18 07:58:51 UTC 2025
Run at Fri Jul 18 08:25:06 UTC 2025
Run at Fri Jul 18 08:47:57 UTC 2025
Run at Fri Jul 18 09:01:02 UTC 2025
Run at Fri Jul 18 09:28:32 UTC 2025
Run at Fri Jul 18 09:46:26 UTC 2025
Run at Fri Jul 18 09:56:00 UTC 2025
Run at Fri Jul 18 10:12:56 UTC 2025
Run at Fri Jul 18 10:39:30 UTC 2025
Run at Fri Jul 18 10:53:48 UTC 2025
Run at Fri Jul 18 10:59:45 UTC 2025
Run at Fri Jul 18 11:18:01 UTC 2025
Run at Fri Jul 18 11:31:33 UTC 2025
Run at Fri Jul 18 11:43:38 UTC 2025
Run at Fri Jul 18 11:51:28 UTC 2025
Run at Fri Jul 18 11:57:25 UTC 2025
Run at Fri Jul 18 12:30:13 UTC 2025
Run at Fri Jul 18 13:11:43 UTC 2025
Run at Fri Jul 18 13:48:37 UTC 2025
Run at Fri Jul 18 13:59:22 UTC 2025
Run at Fri Jul 18 14:19:27 UTC 2025
Run at Fri Jul 18 14:41:17 UTC 2025
Run at Fri Jul 18 14:54:15 UTC 2025
Run at Fri Jul 18 15:00:12 UTC 2025
Run at Fri Jul 18 15:23:09 UTC 2025
Run at Fri Jul 18 15:40:23 UTC 2025
Run at Fri Jul 18 15:53:25 UTC 2025
Run at Fri Jul 18 16:11:35 UTC 2025
Run at Fri Jul 18 16:42:38 UTC 2025
Run at Fri Jul 18 16:59:03 UTC 2025
Run at Fri Jul 18 17:19:14 UTC 2025
Run at Fri Jul 18 17:40:21 UTC 2025
Run at Fri Jul 18 17:53:37 UTC 2025
Run at Fri Jul 18 17:59:21 UTC 2025
Run at Fri Jul 18 18:27:55 UTC 2025
Run at Fri Jul 18 18:51:25 UTC 2025
Run at Fri Jul 18 19:01:10 UTC 2025
Run at Fri Jul 18 19:19:23 UTC 2025
Run at Fri Jul 18 19:30:35 UTC 2025
Run at Fri Jul 18 19:40:20 UTC 2025
Run at Fri Jul 18 19:46:50 UTC 2025
Run at Fri Jul 18 19:53:57 UTC 2025
Run at Fri Jul 18 19:59:34 UTC 2025
Run at Fri Jul 18 20:22:07 UTC 2025
Run at Fri Jul 18 20:39:53 UTC 2025
Run at Fri Jul 18 20:50:49 UTC 2025
Run at Fri Jul 18 20:57:06 UTC 2025
Run at Fri Jul 18 21:13:21 UTC 2025
Run at Fri Jul 18 21:31:08 UTC 2025
Run at Fri Jul 18 21:42:40 UTC 2025
Run at Fri Jul 18 21:49:44 UTC 2025
Run at Fri Jul 18 21:55:41 UTC 2025
Run at Fri Jul 18 22:10:19 UTC 2025
Run at Fri Jul 18 22:33:48 UTC 2025
Run at Fri Jul 18 22:47:52 UTC 2025
Run at Fri Jul 18 22:55:53 UTC 2025
Run at Fri Jul 18 23:10:59 UTC 2025
Run at Fri Jul 18 23:30:04 UTC 2025
Run at Fri Jul 18 23:41:49 UTC 2025
Run at Fri Jul 18 23:49:19 UTC 2025
Run at Fri Jul 18 23:54:52 UTC 2025
Run at Sat Jul 19 00:44:37 UTC 2025
Run at Sat Jul 19 02:31:27 UTC 2025
Run at Sat Jul 19 03:40:19 UTC 2025
Run at Sat Jul 19 04:07:11 UTC 2025
Run at Sat Jul 19 04:39:47 UTC 2025
Run at Sat Jul 19 04:56:53 UTC 2025
Run at Sat Jul 19 05:16:27 UTC 2025
Run at Sat Jul 19 05:38:56 UTC 2025
Run at Sat Jul 19 05:50:02 UTC 2025
Run at Sat Jul 19 05:55:59 UTC 2025
Run at Sat Jul 19 06:15:47 UTC 2025
Run at Sat Jul 19 06:45:08 UTC 2025
Run at Sat Jul 19 06:57:23 UTC 2025
Run at Sat Jul 19 07:13:38 UTC 2025
Run at Sat Jul 19 07:29:50 UTC 2025
Run at Sat Jul 19 07:39:44 UTC 2025
Run at Sat Jul 19 07:46:15 UTC 2025
Run at Sat Jul 19 07:52:18 UTC 2025
Run at Sat Jul 19 07:58:00 UTC 2025
Run at Sat Jul 19 08:20:17 UTC 2025
Run at Sat Jul 19 08:42:38 UTC 2025
Run at Sat Jul 19 08:55:21 UTC 2025
Run at Sat Jul 19 09:09:51 UTC 2025
Run at Sat Jul 19 09:30:34 UTC 2025
Run at Sat Jul 19 09:42:07 UTC 2025
Run at Sat Jul 19 09:48:57 UTC 2025
Run at Sat Jul 19 09:54:51 UTC 2025
Run at Sat Jul 19 10:08:38 UTC 2025
Run at Sat Jul 19 10:34:34 UTC 2025
Run at Sat Jul 19 10:48:25 UTC 2025
Run at Sat Jul 19 10:55:36 UTC 2025
Run at Sat Jul 19 11:08:29 UTC 2025
Run at Sat Jul 19 11:24:47 UTC 2025
Run at Sat Jul 19 11:33:32 UTC 2025
Run at Sat Jul 19 11:42:22 UTC 2025
Run at Sat Jul 19 11:48:24 UTC 2025
Run at Sat Jul 19 11:54:05 UTC 2025
Run at Sat Jul 19 11:59:46 UTC 2025
Run at Sat Jul 19 12:39:09 UTC 2025
Run at Sat Jul 19 13:15:49 UTC 2025
Run at Sat Jul 19 13:41:44 UTC 2025
Run at Sat Jul 19 13:53:01 UTC 2025
Run at Sat Jul 19 13:58:59 UTC 2025
Run at Sat Jul 19 14:16:23 UTC 2025
Run at Sat Jul 19 14:34:41 UTC 2025
Run at Sat Jul 19 14:46:32 UTC 2025
Run at Sat Jul 19 14:52:40 UTC 2025
Run at Sat Jul 19 14:58:38 UTC 2025
Run at Sat Jul 19 15:16:51 UTC 2025
Run at Sat Jul 19 15:33:34 UTC 2025
Run at Sat Jul 19 15:44:30 UTC 2025
Run at Sat Jul 19 15:53:28 UTC 2025
Run at Sat Jul 19 15:59:23 UTC 2025
Run at Sat Jul 19 16:22:52 UTC 2025
Run at Sat Jul 19 16:45:10 UTC 2025
Run at Sat Jul 19 16:56:21 UTC 2025
Run at Sat Jul 19 17:11:35 UTC 2025
Run at Sat Jul 19 17:33:07 UTC 2025
Run at Sat Jul 19 17:45:54 UTC 2025
Run at Sat Jul 19 17:52:20 UTC 2025
Run at Sat Jul 19 17:58:14 UTC 2025
Run at Sat Jul 19 18:22:01 UTC 2025
Run at Sat Jul 19 18:45:29 UTC 2025
Run at Sat Jul 19 18:57:05 UTC 2025
Run at Sat Jul 19 19:10:28 UTC 2025
Run at Sat Jul 19 19:24:19 UTC 2025
Run at Sat Jul 19 19:30:57 UTC 2025
Run at Sat Jul 19 19:39:12 UTC 2025
Run at Sat Jul 19 19:45:15 UTC 2025
Run at Sat Jul 19 19:51:03 UTC 2025
Run at Sat Jul 19 19:56:56 UTC 2025
Run at Sat Jul 19 20:14:25 UTC 2025
Run at Sat Jul 19 20:33:37 UTC 2025
Run at Sat Jul 19 20:46:11 UTC 2025
Run at Sat Jul 19 20:55:12 UTC 2025
Run at Sat Jul 19 21:07:53 UTC 2025
Run at Sat Jul 19 21:27:36 UTC 2025
Run at Sat Jul 19 21:38:21 UTC 2025
Run at Sat Jul 19 21:45:55 UTC 2025
Run at Sat Jul 19 21:51:57 UTC 2025
Run at Sat Jul 19 21:58:00 UTC 2025
Run at Sat Jul 19 22:14:50 UTC 2025
Run at Sat Jul 19 22:35:13 UTC 2025
Run at Sat Jul 19 22:47:57 UTC 2025
Run at Sat Jul 19 22:54:35 UTC 2025
Run at Sat Jul 19 23:00:19 UTC 2025
Run at Sat Jul 19 23:22:48 UTC 2025
Run at Sat Jul 19 23:39:42 UTC 2025
Run at Sat Jul 19 23:50:04 UTC 2025
Run at Sat Jul 19 23:56:31 UTC 2025
Run at Sun Jul 20 01:10:25 UTC 2025
Run at Sun Jul 20 03:16:13 UTC 2025
Run at Sun Jul 20 04:13:26 UTC 2025
Run at Sun Jul 20 04:52:56 UTC 2025
Run at Sun Jul 20 05:14:48 UTC 2025
Run at Sun Jul 20 05:41:30 UTC 2025
Run at Sun Jul 20 05:52:45 UTC 2025
Run at Sun Jul 20 05:58:40 UTC 2025
Run at Sun Jul 20 06:25:15 UTC 2025
Run at Sun Jul 20 06:47:37 UTC 2025
Run at Sun Jul 20 06:58:33 UTC 2025
Run at Sun Jul 20 07:15:55 UTC 2025
Run at Sun Jul 20 07:30:41 UTC 2025
Run at Sun Jul 20 07:40:45 UTC 2025
Run at Sun Jul 20 07:46:57 UTC 2025
Run at Sun Jul 20 07:53:46 UTC 2025
Run at Sun Jul 20 07:59:39 UTC 2025
Run at Sun Jul 20 08:24:49 UTC 2025
Run at Sun Jul 20 08:43:21 UTC 2025
Run at Sun Jul 20 08:55:55 UTC 2025
Run at Sun Jul 20 09:11:01 UTC 2025
Run at Sun Jul 20 09:31:21 UTC 2025
Run at Sun Jul 20 09:43:16 UTC 2025
Run at Sun Jul 20 09:50:17 UTC 2025
Run at Sun Jul 20 09:56:19 UTC 2025
Run at Sun Jul 20 10:12:37 UTC 2025
Run at Sun Jul 20 10:37:41 UTC 2025
Run at Sun Jul 20 10:50:35 UTC 2025
Run at Sun Jul 20 10:56:27 UTC 2025
Run at Sun Jul 20 11:10:06 UTC 2025
Run at Sun Jul 20 11:25:39 UTC 2025
Run at Sun Jul 20 11:35:01 UTC 2025
Run at Sun Jul 20 11:43:28 UTC 2025
Run at Sun Jul 20 11:49:18 UTC 2025
Run at Sun Jul 20 11:55:05 UTC 2025
Run at Sun Jul 20 12:16:27 UTC 2025
Run at Sun Jul 20 13:00:03 UTC 2025
Run at Sun Jul 20 13:30:53 UTC 2025
Run at Sun Jul 20 13:48:51 UTC 2025
Run at Sun Jul 20 13:56:15 UTC 2025
Run at Sun Jul 20 14:10:34 UTC 2025
Run at Sun Jul 20 14:31:37 UTC 2025
Run at Sun Jul 20 14:44:31 UTC 2025
Run at Sun Jul 20 14:51:26 UTC 2025
Run at Sun Jul 20 14:57:26 UTC 2025
Run at Sun Jul 20 15:13:54 UTC 2025
Run at Sun Jul 20 15:32:17 UTC 2025
Run at Sun Jul 20 15:43:49 UTC 2025
Run at Sun Jul 20 15:51:32 UTC 2025
Run at Sun Jul 20 15:57:27 UTC 2025
Run at Sun Jul 20 16:16:55 UTC 2025
Run at Sun Jul 20 16:41:50 UTC 2025
Run at Sun Jul 20 16:54:33 UTC 2025
Run at Sun Jul 20 17:00:04 UTC 2025
Run at Sun Jul 20 17:18:05 UTC 2025
Run at Sun Jul 20 17:34:32 UTC 2025
Run at Sun Jul 20 17:46:37 UTC 2025
Run at Sun Jul 20 17:53:05 UTC 2025
Run at Sun Jul 20 17:58:58 UTC 2025
Run at Sun Jul 20 18:25:00 UTC 2025
Run at Sun Jul 20 18:46:48 UTC 2025
Run at Sun Jul 20 18:57:41 UTC 2025
Run at Sun Jul 20 19:11:46 UTC 2025
Run at Sun Jul 20 19:25:18 UTC 2025
Run at Sun Jul 20 19:32:33 UTC 2025
Run at Sun Jul 20 19:40:59 UTC 2025
Run at Sun Jul 20 19:46:56 UTC 2025
Run at Sun Jul 20 19:53:01 UTC 2025
Run at Sun Jul 20 19:58:58 UTC 2025
Run at Sun Jul 20 20:20:00 UTC 2025
Run at Sun Jul 20 20:37:41 UTC 2025
Run at Sun Jul 20 20:48:41 UTC 2025
Run at Sun Jul 20 20:55:17 UTC 2025
Run at Sun Jul 20 21:08:19 UTC 2025
Run at Sun Jul 20 21:27:50 UTC 2025
Run at Sun Jul 20 21:38:21 UTC 2025
Run at Sun Jul 20 21:46:15 UTC 2025
Run at Sun Jul 20 21:52:16 UTC 2025
Run at Sun Jul 20 21:58:10 UTC 2025
Run at Sun Jul 20 22:15:27 UTC 2025
Run at Sun Jul 20 22:35:36 UTC 2025
Run at Sun Jul 20 22:48:02 UTC 2025
Run at Sun Jul 20 22:54:29 UTC 2025
Run at Sun Jul 20 23:00:35 UTC 2025
Run at Sun Jul 20 23:23:02 UTC 2025
Run at Sun Jul 20 23:37:21 UTC 2025
Run at Sun Jul 20 23:47:40 UTC 2025
Run at Sun Jul 20 23:53:37 UTC 2025
Run at Sun Jul 20 23:59:20 UTC 2025
Run at Mon Jul 21 01:48:48 UTC 2025
Run at Mon Jul 21 03:26:47 UTC 2025
Run at Mon Jul 21 04:26:06 UTC 2025
Run at Mon Jul 21 04:59:06 UTC 2025
Run at Mon Jul 21 05:25:53 UTC 2025
Run at Mon Jul 21 05:48:01 UTC 2025
Run at Mon Jul 21 05:57:40 UTC 2025
Run at Mon Jul 21 06:24:28 UTC 2025
Run at Mon Jul 21 06:52:00 UTC 2025
Run at Mon Jul 21 07:15:41 UTC 2025
Run at Mon Jul 21 07:41:46 UTC 2025
Run at Mon Jul 21 07:53:35 UTC 2025
Run at Mon Jul 21 07:59:18 UTC 2025
Run at Mon Jul 21 08:30:40 UTC 2025
Run at Mon Jul 21 08:56:02 UTC 2025
Run at Mon Jul 21 09:19:50 UTC 2025
Run at Mon Jul 21 09:45:08 UTC 2025
Run at Mon Jul 21 09:56:05 UTC 2025
Run at Mon Jul 21 10:13:49 UTC 2025
Run at Mon Jul 21 10:43:05 UTC 2025
Run at Mon Jul 21 10:55:39 UTC 2025
Run at Mon Jul 21 11:09:53 UTC 2025
Run at Mon Jul 21 11:28:31 UTC 2025
Run at Mon Jul 21 11:40:21 UTC 2025
Run at Mon Jul 21 11:50:15 UTC 2025
Run at Mon Jul 21 11:56:17 UTC 2025
Run at Mon Jul 21 12:25:48 UTC 2025
Run at Mon Jul 21 13:10:07 UTC 2025
Run at Mon Jul 21 13:48:52 UTC 2025
Run at Mon Jul 21 14:00:27 UTC 2025
Run at Mon Jul 21 14:24:15 UTC 2025
Run at Mon Jul 21 14:45:26 UTC 2025
Run at Mon Jul 21 14:57:06 UTC 2025
Run at Mon Jul 21 15:14:46 UTC 2025
Run at Mon Jul 21 15:36:39 UTC 2025
Run at Mon Jul 21 15:50:31 UTC 2025
Run at Mon Jul 21 15:58:05 UTC 2025
Run at Mon Jul 21 16:20:08 UTC 2025
Run at Mon Jul 21 16:47:53 UTC 2025
Run at Mon Jul 21 17:01:22 UTC 2025
Run at Mon Jul 21 17:24:06 UTC 2025
Run at Mon Jul 21 17:42:46 UTC 2025
Run at Mon Jul 21 17:52:46 UTC 2025
Run at Mon Jul 21 17:58:39 UTC 2025
Run at Mon Jul 21 18:27:21 UTC 2025
Run at Mon Jul 21 18:52:37 UTC 2025
Run at Mon Jul 21 19:08:18 UTC 2025
Run at Mon Jul 21 19:27:30 UTC 2025
Run at Mon Jul 21 19:38:03 UTC 2025
Run at Mon Jul 21 19:45:30 UTC 2025
Run at Mon Jul 21 19:51:23 UTC 2025
Run at Mon Jul 21 19:57:27 UTC 2025
Run at Mon Jul 21 20:16:40 UTC 2025
Run at Mon Jul 21 20:37:59 UTC 2025
Run at Mon Jul 21 20:50:45 UTC 2025
Run at Mon Jul 21 20:57:37 UTC 2025
Run at Mon Jul 21 21:14:55 UTC 2025
Run at Mon Jul 21 21:31:58 UTC 2025
Run at Mon Jul 21 21:44:07 UTC 2025
Run at Mon Jul 21 21:51:03 UTC 2025
Run at Mon Jul 21 21:56:59 UTC 2025
Run at Mon Jul 21 22:14:07 UTC 2025
Run at Mon Jul 21 22:36:03 UTC 2025
Run at Mon Jul 21 22:49:28 UTC 2025
Run at Mon Jul 21 22:56:03 UTC 2025
Run at Mon Jul 21 23:11:42 UTC 2025
Run at Mon Jul 21 23:30:50 UTC 2025
Run at Mon Jul 21 23:43:12 UTC 2025
Run at Mon Jul 21 23:51:01 UTC 2025
Run at Mon Jul 21 23:56:47 UTC 2025
Run at Tue Jul 22 01:07:18 UTC 2025
Run at Tue Jul 22 03:04:04 UTC 2025
Run at Tue Jul 22 04:03:25 UTC 2025
Run at Tue Jul 22 04:45:19 UTC 2025
Run at Tue Jul 22 05:03:18 UTC 2025
Run at Tue Jul 22 05:32:52 UTC 2025
Run at Tue Jul 22 05:51:02 UTC 2025
Run at Tue Jul 22 05:58:34 UTC 2025
Run at Tue Jul 22 06:27:05 UTC 2025
Run at Tue Jul 22 06:53:12 UTC 2025
Run at Tue Jul 22 07:12:42 UTC 2025
Run at Tue Jul 22 07:33:54 UTC 2025
Run at Tue Jul 22 07:45:36 UTC 2025
Run at Tue Jul 22 07:53:02 UTC 2025
Run at Tue Jul 22 07:58:58 UTC 2025
Run at Tue Jul 22 08:27:12 UTC 2025
Run at Tue Jul 22 08:50:34 UTC 2025
Run at Tue Jul 22 09:12:17 UTC 2025
Run at Tue Jul 22 09:37:54 UTC 2025
Run at Tue Jul 22 09:51:46 UTC 2025
Run at Tue Jul 22 09:58:03 UTC 2025
Run at Tue Jul 22 10:18:26 UTC 2025
Run at Tue Jul 22 10:44:05 UTC 2025
Run at Tue Jul 22 10:55:42 UTC 2025
Run at Tue Jul 22 11:09:44 UTC 2025
Run at Tue Jul 22 11:28:00 UTC 2025
Run at Tue Jul 22 11:38:53 UTC 2025
Run at Tue Jul 22 11:47:40 UTC 2025
Run at Tue Jul 22 11:53:44 UTC 2025
Run at Tue Jul 22 11:59:17 UTC 2025
Run at Tue Jul 22 12:41:15 UTC 2025
Run at Tue Jul 22 13:24:07 UTC 2025
Run at Tue Jul 22 13:52:28 UTC 2025
Run at Tue Jul 22 14:10:17 UTC 2025
Run at Tue Jul 22 14:35:06 UTC 2025
Run at Tue Jul 22 14:50:55 UTC 2025
Run at Tue Jul 22 14:58:17 UTC 2025
Run at Tue Jul 22 15:18:29 UTC 2025
Run at Tue Jul 22 15:40:17 UTC 2025
Run at Tue Jul 22 15:52:41 UTC 2025
Run at Tue Jul 22 15:59:19 UTC 2025
Run at Tue Jul 22 16:26:03 UTC 2025
Run at Tue Jul 22 16:49:42 UTC 2025
Run at Tue Jul 22 17:01:52 UTC 2025
Run at Tue Jul 22 17:26:04 UTC 2025
Run at Tue Jul 22 17:43:03 UTC 2025
Run at Tue Jul 22 17:52:49 UTC 2025
Run at Tue Jul 22 17:58:42 UTC 2025
Run at Tue Jul 22 18:27:25 UTC 2025
Run at Tue Jul 22 18:52:50 UTC 2025
Run at Tue Jul 22 19:08:30 UTC 2025
Run at Tue Jul 22 19:26:41 UTC 2025
Run at Tue Jul 22 19:36:02 UTC 2025
Run at Tue Jul 22 19:42:54 UTC 2025
Run at Tue Jul 22 19:49:07 UTC 2025
